{"/Users/Daniel/Dropbox/Projects/GitHub/alpha-league/src/jestGlobalMocks.ts": {"path":"/Users/Daniel/Dropbox/Projects/GitHub/alpha-league/src/jestGlobalMocks.ts","statementMap":{"0":{"start":{"line":1,"column":0},"end":{"line":1,"column":52}},"1":{"start":{"line":2,"column":0},"end":{"line":4,"column":3}},"2":{"start":{"line":5,"column":0},"end":{"line":12,"column":3}},"3":{"start":{"line":7,"column":4},"end":{"line":10,"column":6}},"4":{"start":{"line":17,"column":0},"end":{"line":24,"column":3}},"5":{"start":{"line":19,"column":4},"end":{"line":22,"column":6}}},"fnMap":{"0":{"name":"(anonymous_0)","decl":{"start":{"line":6,"column":9},"end":{"line":6,"column":null}},"loc":{"start":{"line":6,"column":9},"end":{"line":11,"column":3}}},"1":{"name":"(anonymous_1)","decl":{"start":{"line":18,"column":9},"end":{"line":18,"column":null}},"loc":{"start":{"line":18,"column":9},"end":{"line":23,"column":3}}}},"branchMap":{},"s":{"0":13,"1":13,"2":13,"3":0,"4":13,"5":0},"f":{"0":0,"1":0},"b":{}}
,"/Users/Daniel/Dropbox/Projects/GitHub/alpha-league/src/app/app.component.html": {"data":{"path":"/Users/Daniel/Dropbox/Projects/GitHub/alpha-league/src/app/app.component.html","statementMap":{"0":{"start":{"line":1,"column":0},"end":{"line":1,"column":100}}},"fnMap":{},"branchMap":{},"s":{"0":1},"f":{},"b":{},"_coverageSchema":"43e27e138ebf9cfc5966b082cf9a028302ed4184","hash":"0883c2ea521dccf4fafaf9829773d6e1fd4a015e"}}
,"/Users/Daniel/Dropbox/Projects/GitHub/alpha-league/src/app/app.component.ts": {"path":"/Users/Daniel/Dropbox/Projects/GitHub/alpha-league/src/app/app.component.ts","statementMap":{"0":{"start":{"line":1,"column":0},"end":{"line":1,"column":42}},"1":{"start":{"line":10,"column":0},"end":{"line":10,"column":13}},"2":{"start":{"line":10,"column":13},"end":{"line":10,"column":null}},"3":{"start":{"line":10,"column":27},"end":{"line":10,"column":null}},"4":{"start":{"line":10,"column":13},"end":{"line":10,"column":25}}},"fnMap":{"0":{"name":"AppComponent","decl":{"start":{"line":10,"column":0},"end":{"line":10,"column":13}},"loc":{"start":{"line":10,"column":0},"end":{"line":10,"column":27}}}},"branchMap":{},"s":{"0":1,"1":1,"2":1,"3":1,"4":1},"f":{"0":2},"b":{}}
,"/Users/Daniel/Dropbox/Projects/GitHub/alpha-league/src/app/api/api-routes.enum.ts": {"path":"/Users/Daniel/Dropbox/Projects/GitHub/alpha-league/src/app/api/api-routes.enum.ts","statementMap":{"0":{"start":{"line":1,"column":0},"end":{"line":1,"column":null}},"1":{"start":{"line":2,"column":4},"end":{"line":2,"column":null}},"2":{"start":{"line":3,"column":4},"end":{"line":3,"column":null}},"3":{"start":{"line":4,"column":4},"end":{"line":4,"column":null}},"4":{"start":{"line":5,"column":4},"end":{"line":5,"column":null}}},"fnMap":{"0":{"name":"(anonymous_0)","decl":{"start":{"line":1,"column":0},"end":{"line":1,"column":12}},"loc":{"start":{"line":1,"column":21},"end":{"line":6,"column":1}}}},"branchMap":{"0":{"loc":{"start":{"line":1,"column":12},"end":{"line":1,"column":21}},"type":"binary-expr","locations":[{"start":{"line":1,"column":12},"end":{"line":1,"column":21}},{"start":{"line":1,"column":12},"end":{"line":1,"column":null}}]}},"s":{"0":6,"1":6,"2":6,"3":6,"4":6},"f":{"0":6},"b":{"0":[6,6]}}
,"/Users/Daniel/Dropbox/Projects/GitHub/alpha-league/src/app/api/api.service.ts": {"path":"/Users/Daniel/Dropbox/Projects/GitHub/alpha-league/src/app/api/api.service.ts","statementMap":{"0":{"start":{"line":1,"column":0},"end":{"line":1,"column":43}},"1":{"start":{"line":2,"column":0},"end":{"line":2,"column":50}},"2":{"start":{"line":3,"column":0},"end":{"line":3,"column":61}},"3":{"start":{"line":4,"column":0},"end":{"line":4,"column":38}},"4":{"start":{"line":8,"column":0},"end":{"line":8,"column":46}},"5":{"start":{"line":13,"column":0},"end":{"line":13,"column":13}},"6":{"start":{"line":22,"column":22},"end":{"line":22,"column":34}},"7":{"start":{"line":20,"column":10},"end":{"line":20,"column":46}},"8":{"start":{"line":24,"column":2},"end":{"line":26,"column":null}},"9":{"start":{"line":25,"column":4},"end":{"line":25,"column":84}},"10":{"start":{"line":28,"column":2},"end":{"line":31,"column":null}},"11":{"start":{"line":29,"column":24},"end":{"line":29,"column":48}},"12":{"start":{"line":30,"column":4},"end":{"line":30,"column":88}},"13":{"start":{"line":33,"column":2},"end":{"line":35,"column":null}},"14":{"start":{"line":34,"column":4},"end":{"line":34,"column":84}},"15":{"start":{"line":37,"column":2},"end":{"line":39,"column":null}},"16":{"start":{"line":38,"column":4},"end":{"line":38,"column":89}},"17":{"start":{"line":13,"column":13},"end":{"line":40,"column":null}},"18":{"start":{"line":40,"column":0},"end":{"line":40,"column":null}},"19":{"start":{"line":13,"column":13},"end":{"line":13,"column":23}}},"fnMap":{"0":{"name":"ApiService","decl":{"start":{"line":22,"column":2},"end":{"line":22,"column":22}},"loc":{"start":{"line":22,"column":44},"end":{"line":22,"column":49}}},"1":{"name":"(anonymous_4)","decl":{"start":{"line":24,"column":2},"end":{"line":24,"column":10}},"loc":{"start":{"line":24,"column":32},"end":{"line":26,"column":3}}},"2":{"name":"(anonymous_5)","decl":{"start":{"line":28,"column":2},"end":{"line":28,"column":12}},"loc":{"start":{"line":28,"column":36},"end":{"line":31,"column":3}}},"3":{"name":"(anonymous_6)","decl":{"start":{"line":33,"column":2},"end":{"line":33,"column":10}},"loc":{"start":{"line":33,"column":24},"end":{"line":35,"column":3}}},"4":{"name":"(anonymous_7)","decl":{"start":{"line":37,"column":2},"end":{"line":37,"column":9}},"loc":{"start":{"line":37,"column":24},"end":{"line":39,"column":3}}}},"branchMap":{},"s":{"0":6,"1":6,"2":6,"3":6,"4":6,"5":6,"6":5,"7":5,"8":6,"9":1,"10":6,"11":0,"12":1,"13":6,"14":1,"15":6,"16":1,"17":6,"18":6,"19":6},"f":{"0":5,"1":1,"2":1,"3":1,"4":1},"b":{}}
,"/Users/Daniel/Dropbox/Projects/GitHub/alpha-league/src/app/core/header/header.component.html": {"data":{"path":"/Users/Daniel/Dropbox/Projects/GitHub/alpha-league/src/app/core/header/header.component.html","statementMap":{"0":{"start":{"line":1,"column":0},"end":{"line":1,"column":231}}},"fnMap":{},"branchMap":{},"s":{"0":3},"f":{},"b":{},"_coverageSchema":"43e27e138ebf9cfc5966b082cf9a028302ed4184","hash":"353443e44873a3bcedd19408026b0b9665284efb"}}
,"/Users/Daniel/Dropbox/Projects/GitHub/alpha-league/src/app/core/header/header.component.ts": {"path":"/Users/Daniel/Dropbox/Projects/GitHub/alpha-league/src/app/core/header/header.component.ts","statementMap":{"0":{"start":{"line":1,"column":0},"end":{"line":1,"column":50}},"1":{"start":{"line":8,"column":0},"end":{"line":8,"column":13}},"2":{"start":{"line":12,"column":2},"end":{"line":13,"column":null}},"3":{"start":{"line":8,"column":13},"end":{"line":15,"column":null}},"4":{"start":{"line":15,"column":0},"end":{"line":15,"column":null}},"5":{"start":{"line":8,"column":13},"end":{"line":8,"column":28}}},"fnMap":{"0":{"name":"HeaderComponent","decl":{"start":{"line":10,"column":2},"end":{"line":10,"column":18}},"loc":{"start":{"line":10,"column":2},"end":{"line":10,"column":19}}},"1":{"name":"(anonymous_4)","decl":{"start":{"line":12,"column":2},"end":{"line":12,"column":10}},"loc":{"start":{"line":12,"column":2},"end":{"line":13,"column":3}}}},"branchMap":{},"s":{"0":3,"1":3,"2":3,"3":3,"4":3,"5":3},"f":{"0":3,"1":2},"b":{}}
,"/Users/Daniel/Dropbox/Projects/GitHub/alpha-league/src/app/page-not-found/page-not-found.component.html": {"data":{"path":"/Users/Daniel/Dropbox/Projects/GitHub/alpha-league/src/app/page-not-found/page-not-found.component.html","statementMap":{"0":{"start":{"line":1,"column":0},"end":{"line":1,"column":63}}},"fnMap":{},"branchMap":{},"s":{"0":1},"f":{},"b":{},"_coverageSchema":"43e27e138ebf9cfc5966b082cf9a028302ed4184","hash":"f0743abc3658002f24f2948f945aa9130e9cfea0"}}
,"/Users/Daniel/Dropbox/Projects/GitHub/alpha-league/src/app/page-not-found/page-not-found.component.ts": {"path":"/Users/Daniel/Dropbox/Projects/GitHub/alpha-league/src/app/page-not-found/page-not-found.component.ts","statementMap":{"0":{"start":{"line":1,"column":0},"end":{"line":1,"column":50}},"1":{"start":{"line":8,"column":0},"end":{"line":8,"column":13}},"2":{"start":{"line":12,"column":2},"end":{"line":13,"column":null}},"3":{"start":{"line":8,"column":13},"end":{"line":15,"column":null}},"4":{"start":{"line":15,"column":0},"end":{"line":15,"column":null}},"5":{"start":{"line":8,"column":13},"end":{"line":8,"column":34}}},"fnMap":{"0":{"name":"PageNotFoundComponent","decl":{"start":{"line":10,"column":2},"end":{"line":10,"column":18}},"loc":{"start":{"line":10,"column":2},"end":{"line":10,"column":19}}},"1":{"name":"(anonymous_4)","decl":{"start":{"line":12,"column":2},"end":{"line":12,"column":10}},"loc":{"start":{"line":12,"column":2},"end":{"line":13,"column":3}}}},"branchMap":{},"s":{"0":1,"1":1,"2":1,"3":1,"4":1,"5":1},"f":{"0":1,"1":1},"b":{}}
,"/Users/Daniel/Dropbox/Projects/GitHub/alpha-league/src/app/players/players-listing/players-listing.component.html": {"data":{"path":"/Users/Daniel/Dropbox/Projects/GitHub/alpha-league/src/app/players/players-listing/players-listing.component.html","statementMap":{"0":{"start":{"line":1,"column":0},"end":{"line":1,"column":427}}},"fnMap":{},"branchMap":{},"s":{"0":1},"f":{},"b":{},"_coverageSchema":"43e27e138ebf9cfc5966b082cf9a028302ed4184","hash":"d92abad3f5232e883ed44ceec655bd0a8ba2bb10"}}
,"/Users/Daniel/Dropbox/Projects/GitHub/alpha-league/src/app/players/players-listing/players-listing.component.ts": {"path":"/Users/Daniel/Dropbox/Projects/GitHub/alpha-league/src/app/players/players-listing/players-listing.component.ts","statementMap":{"0":{"start":{"line":1,"column":0},"end":{"line":1,"column":50}},"1":{"start":{"line":2,"column":0},"end":{"line":2,"column":49}},"2":{"start":{"line":9,"column":0},"end":{"line":9,"column":13}},"3":{"start":{"line":13,"column":22},"end":{"line":13,"column":29}},"4":{"start":{"line":15,"column":2},"end":{"line":18,"column":null}},"5":{"start":{"line":16,"column":4},"end":{"line":16,"column":54}},"6":{"start":{"line":17,"column":4},"end":{"line":17,"column":36}},"7":{"start":{"line":20,"column":2},"end":{"line":23,"column":null}},"8":{"start":{"line":21,"column":4},"end":{"line":22,"column":97}},"9":{"start":{"line":22,"column":6},"end":{"line":22,"column":96}},"10":{"start":{"line":9,"column":13},"end":{"line":24,"column":null}},"11":{"start":{"line":24,"column":0},"end":{"line":24,"column":null}},"12":{"start":{"line":9,"column":13},"end":{"line":9,"column":29}}},"fnMap":{"0":{"name":"PlayersComponent","decl":{"start":{"line":13,"column":2},"end":{"line":13,"column":22}},"loc":{"start":{"line":13,"column":43},"end":{"line":13,"column":48}}},"1":{"name":"(anonymous_4)","decl":{"start":{"line":15,"column":2},"end":{"line":15,"column":10}},"loc":{"start":{"line":15,"column":2},"end":{"line":18,"column":3}}},"2":{"name":"(anonymous_5)","decl":{"start":{"line":20,"column":2},"end":{"line":20,"column":15}},"loc":{"start":{"line":20,"column":21},"end":{"line":23,"column":3}}},"3":{"name":"(anonymous_6)","decl":{"start":{"line":21,"column":43},"end":{"line":21,"column":49}},"loc":{"start":{"line":21,"column":49},"end":{"line":22,"column":12}}}},"branchMap":{},"s":{"0":1,"1":1,"2":1,"3":2,"4":1,"5":2,"6":2,"7":1,"8":1,"9":2,"10":1,"11":1,"12":1},"f":{"0":2,"1":2,"2":1,"3":2},"b":{}}
,"/Users/Daniel/Dropbox/Projects/GitHub/alpha-league/src/app/shared/modal/modal.component.html": {"data":{"path":"/Users/Daniel/Dropbox/Projects/GitHub/alpha-league/src/app/shared/modal/modal.component.html","statementMap":{"0":{"start":{"line":1,"column":0},"end":{"line":1,"column":268}}},"fnMap":{},"branchMap":{},"s":{"0":2},"f":{},"b":{},"_coverageSchema":"43e27e138ebf9cfc5966b082cf9a028302ed4184","hash":"77886f71ad71b6fbec4050faf04aef528af2ab3f"}}
,"/Users/Daniel/Dropbox/Projects/GitHub/alpha-league/src/app/shared/modal/modal.component.ts": {"path":"/Users/Daniel/Dropbox/Projects/GitHub/alpha-league/src/app/shared/modal/modal.component.ts","statementMap":{"0":{"start":{"line":1,"column":0},"end":{"line":1,"column":90}},"1":{"start":{"line":9,"column":0},"end":{"line":9,"column":13}},"2":{"start":{"line":14,"column":4},"end":{"line":14,"column":31}},"3":{"start":{"line":16,"column":11},"end":{"line":18,"column":null}},"4":{"start":{"line":17,"column":8},"end":{"line":17,"column":26}},"5":{"start":{"line":11,"column":4},"end":{"line":11,"column":null}},"6":{"start":{"line":14,"column":4},"end":{"line":14,"column":null}},"7":{"start":{"line":9,"column":13},"end":{"line":19,"column":null}},"8":{"start":{"line":19,"column":0},"end":{"line":19,"column":null}},"9":{"start":{"line":9,"column":13},"end":{"line":9,"column":27}}},"fnMap":{"0":{"name":"ModalComponent","decl":{"start":{"line":3,"column":0},"end":{"line":3,"column":1}},"loc":{"start":{"line":3,"column":0},"end":{"line":19,"column":null}}},"1":{"name":"(anonymous_4)","decl":{"start":{"line":16,"column":4},"end":{"line":16,"column":11}},"loc":{"start":{"line":16,"column":4},"end":{"line":18,"column":5}}}},"branchMap":{},"s":{"0":2,"1":2,"2":1,"3":2,"4":1,"5":2,"6":2,"7":2,"8":2,"9":2},"f":{"0":1,"1":1},"b":{}}
,"/Users/Daniel/Dropbox/Projects/GitHub/alpha-league/src/app/shared/players-list/players-list.component.html": {"data":{"path":"/Users/Daniel/Dropbox/Projects/GitHub/alpha-league/src/app/shared/players-list/players-list.component.html","statementMap":{"0":{"start":{"line":1,"column":0},"end":{"line":1,"column":1398}}},"fnMap":{},"branchMap":{},"s":{"0":3},"f":{},"b":{},"_coverageSchema":"43e27e138ebf9cfc5966b082cf9a028302ed4184","hash":"b418366bd722986d0bcfc0eeea8c392262f61ab2"}}
,"/Users/Daniel/Dropbox/Projects/GitHub/alpha-league/src/app/shared/players-list/players-list.component.ts": {"path":"/Users/Daniel/Dropbox/Projects/GitHub/alpha-league/src/app/shared/players-list/players-list.component.ts","statementMap":{"0":{"start":{"line":1,"column":0},"end":{"line":1,"column":57}},"1":{"start":{"line":9,"column":0},"end":{"line":9,"column":13}},"2":{"start":{"line":11,"column":11},"end":{"line":11,"column":21}},"3":{"start":{"line":13,"column":2},"end":{"line":16,"column":null}},"4":{"start":{"line":14,"column":26},"end":{"line":14,"column":46}},"5":{"start":{"line":15,"column":4},"end":{"line":15,"column":48}},"6":{"start":{"line":10,"column":11},"end":{"line":10,"column":null}},"7":{"start":{"line":11,"column":11},"end":{"line":11,"column":null}},"8":{"start":{"line":9,"column":13},"end":{"line":17,"column":null}},"9":{"start":{"line":17,"column":0},"end":{"line":17,"column":null}},"10":{"start":{"line":9,"column":13},"end":{"line":9,"column":33}}},"fnMap":{"0":{"name":"PlayersListComponent","decl":{"start":{"line":4,"column":0},"end":{"line":4,"column":1}},"loc":{"start":{"line":4,"column":0},"end":{"line":17,"column":null}}},"1":{"name":"(anonymous_4)","decl":{"start":{"line":13,"column":2},"end":{"line":13,"column":12}},"loc":{"start":{"line":13,"column":19},"end":{"line":16,"column":3}}}},"branchMap":{},"s":{"0":3,"1":3,"2":4,"3":3,"4":40,"5":40,"6":3,"7":3,"8":3,"9":3,"10":3},"f":{"0":4,"1":40},"b":{}}
,"/Users/Daniel/Dropbox/Projects/GitHub/alpha-league/src/app/teams/team.resolver.ts": {"path":"/Users/Daniel/Dropbox/Projects/GitHub/alpha-league/src/app/teams/team.resolver.ts","statementMap":{"0":{"start":{"line":1,"column":0},"end":{"line":1,"column":43}},"1":{"start":{"line":3,"column":0},"end":{"line":3,"column":48}},"2":{"start":{"line":4,"column":0},"end":{"line":4,"column":48}},"3":{"start":{"line":6,"column":0},"end":{"line":6,"column":42}},"4":{"start":{"line":13,"column":0},"end":{"line":13,"column":13}},"5":{"start":{"line":15,"column":22},"end":{"line":15,"column":34}},"6":{"start":{"line":17,"column":2},"end":{"line":43,"column":null}},"7":{"start":{"line":17,"column":2},"end":{"line":17,"column":9}},"8":{"start":{"line":18,"column":33},"end":{"line":18,"column":66}},"9":{"start":{"line":20,"column":4},"end":{"line":42,"column":8}},"10":{"start":{"line":24,"column":22},"end":{"line":24,"column":27}},"11":{"start":{"line":24,"column":29},"end":{"line":24,"column":34}},"12":{"start":{"line":24,"column":36},"end":{"line":24,"column":43}},"13":{"start":{"line":25,"column":8},"end":{"line":29,"column":11}},"14":{"start":{"line":26,"column":10},"end":{"line":26,"column":90}},"15":{"start":{"line":26,"column":55},"end":{"line":26,"column":84}},"16":{"start":{"line":27,"column":10},"end":{"line":27,"column":90}},"17":{"start":{"line":27,"column":55},"end":{"line":27,"column":84}},"18":{"start":{"line":28,"column":10},"end":{"line":28,"column":22}},"19":{"start":{"line":30,"column":25},"end":{"line":37,"column":10}},"20":{"start":{"line":31,"column":10},"end":{"line":34,"column":12}},"21":{"start":{"line":32,"column":12},"end":{"line":33,"column":null}},"22":{"start":{"line":35,"column":10},"end":{"line":35,"column":83}},"23":{"start":{"line":35,"column":55},"end":{"line":35,"column":82}},"24":{"start":{"line":36,"column":10},"end":{"line":36,"column":22}},"25":{"start":{"line":38,"column":8},"end":{"line":38,"column":41}},"26":{"start":{"line":39,"column":8},"end":{"line":39,"column":42}},"27":{"start":{"line":40,"column":8},"end":{"line":40,"column":38}},"28":{"start":{"line":41,"column":8},"end":{"line":41,"column":28}},"29":{"start":{"line":13,"column":13},"end":{"line":44,"column":null}},"30":{"start":{"line":44,"column":0},"end":{"line":44,"column":null}},"31":{"start":{"line":13,"column":13},"end":{"line":13,"column":25}}},"fnMap":{"0":{"name":"TeamResolver","decl":{"start":{"line":15,"column":2},"end":{"line":15,"column":22}},"loc":{"start":{"line":15,"column":44},"end":{"line":15,"column":49}}},"1":{"name":"(anonymous_4)","decl":{"start":{"line":17,"column":2},"end":{"line":17,"column":9}},"loc":{"start":{"line":17,"column":2},"end":{"line":43,"column":3}}},"2":{"name":"(anonymous_5)","decl":{"start":{"line":24,"column":20},"end":{"line":24,"column":21}},"loc":{"start":{"line":24,"column":69},"end":{"line":42,"column":5}}},"3":{"name":"(anonymous_6)","decl":{"start":{"line":25,"column":36},"end":{"line":25,"column":40}},"loc":{"start":{"line":25,"column":40},"end":{"line":29,"column":9}}},"4":{"name":"(anonymous_7)","decl":{"start":{"line":26,"column":47},"end":{"line":26,"column":51}},"loc":{"start":{"line":26,"column":51},"end":{"line":26,"column":59}}},"5":{"name":"(anonymous_8)","decl":{"start":{"line":27,"column":47},"end":{"line":27,"column":51}},"loc":{"start":{"line":27,"column":51},"end":{"line":27,"column":59}}},"6":{"name":"(anonymous_9)","decl":{"start":{"line":30,"column":40},"end":{"line":30,"column":44}},"loc":{"start":{"line":30,"column":44},"end":{"line":37,"column":9}}},"7":{"name":"(anonymous_10)","decl":{"start":{"line":31,"column":41},"end":{"line":31,"column":45}},"loc":{"start":{"line":31,"column":45},"end":{"line":32,"column":13}}},"8":{"name":"(anonymous_11)","decl":{"start":{"line":35,"column":45},"end":{"line":35,"column":51}},"loc":{"start":{"line":35,"column":51},"end":{"line":35,"column":61}}}},"branchMap":{"0":{"loc":{"start":{"line":32,"column":13},"end":{"line":32,"column":41}},"type":"binary-expr","locations":[{"start":{"line":32,"column":13},"end":{"line":32,"column":41}},{"start":{"line":32,"column":45},"end":{"line":32,"column":73}},{"start":{"line":33,"column":13},"end":{"line":33,"column":50}}]}},"s":{"0":2,"1":2,"2":2,"3":2,"4":2,"5":3,"6":2,"7":1,"8":0,"9":1,"10":0,"11":0,"12":0,"13":0,"14":0,"15":0,"16":0,"17":0,"18":0,"19":0,"20":0,"21":0,"22":0,"23":0,"24":0,"25":0,"26":0,"27":0,"28":0,"29":2,"30":2,"31":2},"f":{"0":3,"1":1,"2":0,"3":0,"4":0,"5":0,"6":0,"7":0,"8":0},"b":{"0":[0,0,0]}}
,"/Users/Daniel/Dropbox/Projects/GitHub/alpha-league/src/app/teams/team-detail/team-detail.component.html": {"data":{"path":"/Users/Daniel/Dropbox/Projects/GitHub/alpha-league/src/app/teams/team-detail/team-detail.component.html","statementMap":{"0":{"start":{"line":1,"column":0},"end":{"line":1,"column":1323}}},"fnMap":{},"branchMap":{},"s":{"0":1},"f":{},"b":{},"_coverageSchema":"43e27e138ebf9cfc5966b082cf9a028302ed4184","hash":"5bab110e1e539287f28d3b05e68198ba57cee74f"}}
,"/Users/Daniel/Dropbox/Projects/GitHub/alpha-league/src/app/teams/team-detail/team-detail.component.ts": {"path":"/Users/Daniel/Dropbox/Projects/GitHub/alpha-league/src/app/teams/team-detail/team-detail.component.ts","statementMap":{"0":{"start":{"line":1,"column":0},"end":{"line":1,"column":50}},"1":{"start":{"line":2,"column":0},"end":{"line":2,"column":49}},"2":{"start":{"line":4,"column":0},"end":{"line":4,"column":53}},"3":{"start":{"line":14,"column":0},"end":{"line":14,"column":13}},"4":{"start":{"line":21,"column":22},"end":{"line":21,"column":29}},"5":{"start":{"line":21,"column":53},"end":{"line":21,"column":65}},"6":{"start":{"line":23,"column":2},"end":{"line":27,"column":null}},"7":{"start":{"line":24,"column":19},"end":{"line":24,"column":48}},"8":{"start":{"line":25,"column":4},"end":{"line":25,"column":47}},"9":{"start":{"line":26,"column":4},"end":{"line":26,"column":65}},"10":{"start":{"line":26,"column":42},"end":{"line":26,"column":61}},"11":{"start":{"line":29,"column":2},"end":{"line":34,"column":null}},"12":{"start":{"line":30,"column":4},"end":{"line":30,"column":98}},"13":{"start":{"line":30,"column":56},"end":{"line":30,"column":92}},"14":{"start":{"line":31,"column":4},"end":{"line":31,"column":98}},"15":{"start":{"line":31,"column":56},"end":{"line":31,"column":92}},"16":{"start":{"line":32,"column":4},"end":{"line":32,"column":41}},"17":{"start":{"line":33,"column":4},"end":{"line":33,"column":28}},"18":{"start":{"line":14,"column":13},"end":{"line":35,"column":null}},"19":{"start":{"line":35,"column":0},"end":{"line":35,"column":null}},"20":{"start":{"line":14,"column":13},"end":{"line":14,"column":32}}},"fnMap":{"0":{"name":"TeamDetailComponent","decl":{"start":{"line":21,"column":2},"end":{"line":21,"column":22}},"loc":{"start":{"line":21,"column":75},"end":{"line":21,"column":80}}},"1":{"name":"(anonymous_4)","decl":{"start":{"line":23,"column":2},"end":{"line":23,"column":10}},"loc":{"start":{"line":23,"column":2},"end":{"line":27,"column":3}}},"2":{"name":"(anonymous_5)","decl":{"start":{"line":26,"column":34},"end":{"line":26,"column":38}},"loc":{"start":{"line":26,"column":38},"end":{"line":26,"column":48}}},"3":{"name":"(anonymous_6)","decl":{"start":{"line":29,"column":2},"end":{"line":29,"column":13}},"loc":{"start":{"line":29,"column":20},"end":{"line":34,"column":3}}},"4":{"name":"(anonymous_7)","decl":{"start":{"line":30,"column":48},"end":{"line":30,"column":52}},"loc":{"start":{"line":30,"column":52},"end":{"line":30,"column":60}}},"5":{"name":"(anonymous_8)","decl":{"start":{"line":31,"column":48},"end":{"line":31,"column":52}},"loc":{"start":{"line":31,"column":52},"end":{"line":31,"column":60}}}},"branchMap":{},"s":{"0":1,"1":1,"2":1,"3":1,"4":2,"5":2,"6":1,"7":1,"8":1,"9":1,"10":1,"11":1,"12":1,"13":1,"14":1,"15":1,"16":1,"17":1,"18":1,"19":1,"20":1},"f":{"0":2,"1":1,"2":1,"3":1,"4":1,"5":1},"b":{}}
,"/Users/Daniel/Dropbox/Projects/GitHub/alpha-league/src/app/teams/team-detail/games/games.component.html": {"data":{"path":"/Users/Daniel/Dropbox/Projects/GitHub/alpha-league/src/app/teams/team-detail/games/games.component.html","statementMap":{"0":{"start":{"line":1,"column":0},"end":{"line":1,"column":592}}},"fnMap":{},"branchMap":{},"s":{"0":2},"f":{},"b":{},"_coverageSchema":"43e27e138ebf9cfc5966b082cf9a028302ed4184","hash":"b87802717beb803ecdb9a9b3f00466aee5248eff"}}
,"/Users/Daniel/Dropbox/Projects/GitHub/alpha-league/src/app/teams/team-detail/games/games.component.ts": {"path":"/Users/Daniel/Dropbox/Projects/GitHub/alpha-league/src/app/teams/team-detail/games/games.component.ts","statementMap":{"0":{"start":{"line":1,"column":0},"end":{"line":1,"column":57}},"1":{"start":{"line":9,"column":0},"end":{"line":9,"column":13}},"2":{"start":{"line":10,"column":11},"end":{"line":10,"column":null}},"3":{"start":{"line":9,"column":13},"end":{"line":11,"column":null}},"4":{"start":{"line":11,"column":0},"end":{"line":11,"column":null}},"5":{"start":{"line":9,"column":13},"end":{"line":9,"column":27}}},"fnMap":{"0":{"name":"GamesComponent","decl":{"start":{"line":9,"column":0},"end":{"line":9,"column":13}},"loc":{"start":{"line":9,"column":0},"end":{"line":11,"column":null}}}},"branchMap":{},"s":{"0":2,"1":2,"2":2,"3":2,"4":2,"5":2},"f":{"0":2},"b":{}}
,"/Users/Daniel/Dropbox/Projects/GitHub/alpha-league/src/app/teams/team-detail/games/new-game/new-game.component.html": {"data":{"path":"/Users/Daniel/Dropbox/Projects/GitHub/alpha-league/src/app/teams/team-detail/games/new-game/new-game.component.html","statementMap":{"0":{"start":{"line":1,"column":0},"end":{"line":1,"column":1769}}},"fnMap":{},"branchMap":{},"s":{"0":3},"f":{},"b":{},"_coverageSchema":"43e27e138ebf9cfc5966b082cf9a028302ed4184","hash":"712b7ce35a0a65529435324010decfdef4f88a91"}}
,"/Users/Daniel/Dropbox/Projects/GitHub/alpha-league/src/app/teams/team-detail/games/new-game/new-game.component.ts": {"path":"/Users/Daniel/Dropbox/Projects/GitHub/alpha-league/src/app/teams/team-detail/games/new-game/new-game.component.ts","statementMap":{"0":{"start":{"line":1,"column":0},"end":{"line":1,"column":71}},"1":{"start":{"line":2,"column":0},"end":{"line":2,"column":53}},"2":{"start":{"line":11,"column":0},"end":{"line":11,"column":13}},"3":{"start":{"line":26,"column":22},"end":{"line":26,"column":34}},"4":{"start":{"line":16,"column":12},"end":{"line":16,"column":44}},"5":{"start":{"line":18,"column":9},"end":{"line":24,"column":4}},"6":{"start":{"line":28,"column":2},"end":{"line":37,"column":null}},"7":{"start":{"line":28,"column":2},"end":{"line":28,"column":9}},"8":{"start":{"line":30,"column":6},"end":{"line":30,"column":46}},"9":{"start":{"line":31,"column":6},"end":{"line":31,"column":70}},"10":{"start":{"line":33,"column":6},"end":{"line":35,"column":9}},"11":{"start":{"line":34,"column":8},"end":{"line":34,"column":34}},"12":{"start":{"line":39,"column":2},"end":{"line":41,"column":null}},"13":{"start":{"line":40,"column":4},"end":{"line":40,"column":33}},"14":{"start":{"line":12,"column":11},"end":{"line":12,"column":null}},"15":{"start":{"line":14,"column":11},"end":{"line":14,"column":null}},"16":{"start":{"line":16,"column":12},"end":{"line":16,"column":null}},"17":{"start":{"line":11,"column":13},"end":{"line":43,"column":null}},"18":{"start":{"line":43,"column":0},"end":{"line":43,"column":null}},"19":{"start":{"line":11,"column":13},"end":{"line":11,"column":29}}},"fnMap":{"0":{"name":"NewGameComponent","decl":{"start":{"line":26,"column":2},"end":{"line":26,"column":22}},"loc":{"start":{"line":26,"column":44},"end":{"line":26,"column":49}}},"1":{"name":"(anonymous_4)","decl":{"start":{"line":28,"column":2},"end":{"line":28,"column":9}},"loc":{"start":{"line":28,"column":14},"end":{"line":37,"column":3}}},"2":{"name":"(anonymous_5)","decl":{"start":{"line":33,"column":55},"end":{"line":33,"column":58}},"loc":{"start":{"line":33,"column":58},"end":{"line":35,"column":7}}},"3":{"name":"(anonymous_6)","decl":{"start":{"line":39,"column":2},"end":{"line":39,"column":7}},"loc":{"start":{"line":39,"column":12},"end":{"line":41,"column":3}}}},"branchMap":{},"s":{"0":3,"1":3,"2":3,"3":4,"4":4,"5":4,"6":3,"7":2,"8":1,"9":1,"10":1,"11":1,"12":3,"13":2,"14":3,"15":3,"16":3,"17":3,"18":3,"19":3},"f":{"0":4,"1":2,"2":1,"3":2},"b":{}}
,"/Users/Daniel/Dropbox/Projects/GitHub/alpha-league/src/app/teams/teams-listing/teams-listing.component.html": {"data":{"path":"/Users/Daniel/Dropbox/Projects/GitHub/alpha-league/src/app/teams/teams-listing/teams-listing.component.html","statementMap":{"0":{"start":{"line":1,"column":0},"end":{"line":1,"column":1094}}},"fnMap":{},"branchMap":{},"s":{"0":2},"f":{},"b":{},"_coverageSchema":"43e27e138ebf9cfc5966b082cf9a028302ed4184","hash":"4c5339c03439658393f4d2c7924013b208f504bb"}}
,"/Users/Daniel/Dropbox/Projects/GitHub/alpha-league/src/app/teams/teams-listing/teams-listing.component.ts": {"path":"/Users/Daniel/Dropbox/Projects/GitHub/alpha-league/src/app/teams/teams-listing/teams-listing.component.ts","statementMap":{"0":{"start":{"line":1,"column":0},"end":{"line":1,"column":50}},"1":{"start":{"line":5,"column":0},"end":{"line":5,"column":49}},"2":{"start":{"line":12,"column":0},"end":{"line":12,"column":13}},"3":{"start":{"line":15,"column":22},"end":{"line":15,"column":29}},"4":{"start":{"line":13,"column":9},"end":{"line":13,"column":28}},"5":{"start":{"line":17,"column":2},"end":{"line":19,"column":null}},"6":{"start":{"line":18,"column":4},"end":{"line":18,"column":47}},"7":{"start":{"line":21,"column":2},"end":{"line":26,"column":null}},"8":{"start":{"line":22,"column":4},"end":{"line":25,"column":15}},"9":{"start":{"line":23,"column":8},"end":{"line":24,"column":null}},"10":{"start":{"line":28,"column":2},"end":{"line":33,"column":null}},"11":{"start":{"line":29,"column":4},"end":{"line":32,"column":15}},"12":{"start":{"line":30,"column":8},"end":{"line":31,"column":null}},"13":{"start":{"line":35,"column":2},"end":{"line":37,"column":null}},"14":{"start":{"line":36,"column":4},"end":{"line":36,"column":89}},"15":{"start":{"line":36,"column":37},"end":{"line":36,"column":81}},"16":{"start":{"line":39,"column":2},"end":{"line":41,"column":null}},"17":{"start":{"line":40,"column":4},"end":{"line":40,"column":59}},"18":{"start":{"line":12,"column":13},"end":{"line":42,"column":null}},"19":{"start":{"line":42,"column":0},"end":{"line":42,"column":null}},"20":{"start":{"line":12,"column":13},"end":{"line":12,"column":34}}},"fnMap":{"0":{"name":"TeamsListingComponent","decl":{"start":{"line":15,"column":2},"end":{"line":15,"column":22}},"loc":{"start":{"line":15,"column":43},"end":{"line":15,"column":48}}},"1":{"name":"(anonymous_4)","decl":{"start":{"line":17,"column":2},"end":{"line":17,"column":10}},"loc":{"start":{"line":17,"column":2},"end":{"line":19,"column":3}}},"2":{"name":"(anonymous_5)","decl":{"start":{"line":21,"column":2},"end":{"line":21,"column":10}},"loc":{"start":{"line":21,"column":21},"end":{"line":26,"column":3}}},"3":{"name":"(anonymous_6)","decl":{"start":{"line":22,"column":29},"end":{"line":22,"column":33}},"loc":{"start":{"line":22,"column":33},"end":{"line":23,"column":9}}},"4":{"name":"(anonymous_7)","decl":{"start":{"line":28,"column":2},"end":{"line":28,"column":11}},"loc":{"start":{"line":28,"column":22},"end":{"line":33,"column":3}}},"5":{"name":"(anonymous_8)","decl":{"start":{"line":29,"column":29},"end":{"line":29,"column":33}},"loc":{"start":{"line":29,"column":33},"end":{"line":30,"column":9}}},"6":{"name":"(anonymous_9)","decl":{"start":{"line":35,"column":2},"end":{"line":35,"column":12}},"loc":{"start":{"line":35,"column":23},"end":{"line":37,"column":3}}},"7":{"name":"(anonymous_10)","decl":{"start":{"line":36,"column":29},"end":{"line":36,"column":33}},"loc":{"start":{"line":36,"column":33},"end":{"line":36,"column":41}}},"8":{"name":"(anonymous_11)","decl":{"start":{"line":39,"column":2},"end":{"line":39,"column":13}},"loc":{"start":{"line":39,"column":24},"end":{"line":41,"column":3}}}},"branchMap":{"0":{"loc":{"start":{"line":23,"column":9},"end":{"line":23,"column":37}},"type":"binary-expr","locations":[{"start":{"line":23,"column":9},"end":{"line":23,"column":37}},{"start":{"line":23,"column":41},"end":{"line":23,"column":82}},{"start":{"line":24,"column":9},"end":{"line":24,"column":37}},{"start":{"line":24,"column":41},"end":{"line":24,"column":82}}]},"1":{"loc":{"start":{"line":30,"column":9},"end":{"line":30,"column":37}},"type":"binary-expr","locations":[{"start":{"line":30,"column":9},"end":{"line":30,"column":37}},{"start":{"line":30,"column":41},"end":{"line":30,"column":82}},{"start":{"line":31,"column":9},"end":{"line":31,"column":37}},{"start":{"line":31,"column":41},"end":{"line":31,"column":82}}]}},"s":{"0":2,"1":2,"2":2,"3":5,"4":5,"5":2,"6":1,"7":2,"8":2,"9":0,"10":2,"11":1,"12":0,"13":2,"14":2,"15":0,"16":2,"17":1,"18":2,"19":2,"20":2},"f":{"0":5,"1":1,"2":2,"3":0,"4":1,"5":0,"6":2,"7":0,"8":1},"b":{"0":[0,0,0,0],"1":[0,0,0,0]}}
,"/Users/Daniel/Dropbox/Projects/GitHub/alpha-league/src/environments/environment.ts": {"path":"/Users/Daniel/Dropbox/Projects/GitHub/alpha-league/src/environments/environment.ts","statementMap":{"0":{"start":{"line":5,"column":13},"end":{"line":8,"column":2}}},"fnMap":{},"branchMap":{},"s":{"0":6},"f":{},"b":{}}
}
