TN:
SF:/Users/Daniel/Dropbox/Projects/GitHub/alpha-league/src/jestGlobalMocks.ts
FN:6,(anonymous_0)
FN:18,(anonymous_1)
FNF:2
FNH:0
FNDA:0,(anonymous_0)
FNDA:0,(anonymous_1)
DA:1,12
DA:2,12
DA:5,12
DA:7,0
DA:17,12
DA:19,0
LF:6
LH:4
BRF:0
BRH:0
end_of_record
TN:
SF:/Users/Daniel/Dropbox/Projects/GitHub/alpha-league/src/app/app.component.html
FNF:0
FNH:0
DA:1,1
LF:1
LH:1
BRF:0
BRH:0
end_of_record
TN:
SF:/Users/Daniel/Dropbox/Projects/GitHub/alpha-league/src/app/app.component.ts
FN:10,AppComponent
FNF:1
FNH:1
FNDA:2,AppComponent
DA:1,1
DA:10,1
LF:2
LH:2
BRF:0
BRH:0
end_of_record
TN:
SF:/Users/Daniel/Dropbox/Projects/GitHub/alpha-league/src/app/api/api-routes.enum.ts
FN:1,(anonymous_0)
FNF:1
FNH:1
FNDA:6,(anonymous_0)
DA:1,6
DA:2,6
DA:3,6
DA:4,6
DA:5,6
LF:5
LH:5
BRDA:1,0,0,6
BRDA:1,0,1,6
BRF:2
BRH:2
end_of_record
TN:
SF:/Users/Daniel/Dropbox/Projects/GitHub/alpha-league/src/app/api/api.service.ts
FN:22,ApiService
FN:24,(anonymous_4)
FN:28,(anonymous_5)
FN:33,(anonymous_6)
FN:37,(anonymous_7)
FNF:5
FNH:5
FNDA:5,ApiService
FNDA:1,(anonymous_4)
FNDA:1,(anonymous_5)
FNDA:1,(anonymous_6)
FNDA:1,(anonymous_7)
DA:1,6
DA:2,6
DA:3,6
DA:4,6
DA:8,6
DA:13,6
DA:20,5
DA:22,5
DA:24,6
DA:25,1
DA:28,6
DA:29,0
DA:30,1
DA:33,6
DA:34,1
DA:37,6
DA:38,1
DA:40,6
LF:18
LH:17
BRF:0
BRH:0
end_of_record
TN:
SF:/Users/Daniel/Dropbox/Projects/GitHub/alpha-league/src/app/core/header/header.component.html
FNF:0
FNH:0
DA:1,3
LF:1
LH:1
BRF:0
BRH:0
end_of_record
TN:
SF:/Users/Daniel/Dropbox/Projects/GitHub/alpha-league/src/app/core/header/header.component.ts
FN:10,HeaderComponent
FN:12,(anonymous_4)
FNF:2
FNH:2
FNDA:3,HeaderComponent
FNDA:2,(anonymous_4)
DA:1,3
DA:8,3
DA:12,3
DA:15,3
LF:4
LH:4
BRF:0
BRH:0
end_of_record
TN:
SF:/Users/Daniel/Dropbox/Projects/GitHub/alpha-league/src/app/players/players-listing/players-listing.component.html
FNF:0
FNH:0
DA:1,1
LF:1
LH:1
BRF:0
BRH:0
end_of_record
TN:
SF:/Users/Daniel/Dropbox/Projects/GitHub/alpha-league/src/app/players/players-listing/players-listing.component.ts
FN:13,PlayersComponent
FN:15,(anonymous_4)
FN:20,(anonymous_5)
FN:21,(anonymous_6)
FNF:4
FNH:4
FNDA:2,PlayersComponent
FNDA:2,(anonymous_4)
FNDA:1,(anonymous_5)
FNDA:2,(anonymous_6)
DA:1,1
DA:2,1
DA:9,1
DA:13,2
DA:15,1
DA:16,2
DA:17,2
DA:20,1
DA:21,1
DA:22,2
DA:24,1
LF:11
LH:11
BRF:0
BRH:0
end_of_record
TN:
SF:/Users/Daniel/Dropbox/Projects/GitHub/alpha-league/src/app/shared/modal/modal.component.html
FNF:0
FNH:0
DA:1,2
LF:1
LH:1
BRF:0
BRH:0
end_of_record
TN:
SF:/Users/Daniel/Dropbox/Projects/GitHub/alpha-league/src/app/shared/modal/modal.component.ts
FN:3,ModalComponent
FN:16,(anonymous_4)
FNF:2
FNH:2
FNDA:1,ModalComponent
FNDA:1,(anonymous_4)
DA:1,2
DA:9,2
DA:11,2
DA:14,2
DA:16,2
DA:17,1
DA:19,2
LF:7
LH:7
BRF:0
BRH:0
end_of_record
TN:
SF:/Users/Daniel/Dropbox/Projects/GitHub/alpha-league/src/app/shared/players-list/players-list.component.html
FNF:0
FNH:0
DA:1,3
LF:1
LH:1
BRF:0
BRH:0
end_of_record
TN:
SF:/Users/Daniel/Dropbox/Projects/GitHub/alpha-league/src/app/shared/players-list/players-list.component.ts
FN:4,PlayersListComponent
FN:13,(anonymous_4)
FNF:2
FNH:2
FNDA:4,PlayersListComponent
FNDA:40,(anonymous_4)
DA:1,3
DA:9,3
DA:10,3
DA:11,4
DA:13,3
DA:14,40
DA:15,40
DA:17,3
LF:8
LH:8
BRF:0
BRH:0
end_of_record
TN:
SF:/Users/Daniel/Dropbox/Projects/GitHub/alpha-league/src/app/teams/team.resolver.ts
FN:15,TeamResolver
FN:17,(anonymous_4)
FN:24,(anonymous_5)
FN:25,(anonymous_6)
FN:26,(anonymous_7)
FN:27,(anonymous_8)
FN:30,(anonymous_9)
FN:31,(anonymous_10)
FN:35,(anonymous_11)
FNF:9
FNH:2
FNDA:3,TeamResolver
FNDA:1,(anonymous_4)
FNDA:0,(anonymous_5)
FNDA:0,(anonymous_6)
FNDA:0,(anonymous_7)
FNDA:0,(anonymous_8)
FNDA:0,(anonymous_9)
FNDA:0,(anonymous_10)
FNDA:0,(anonymous_11)
DA:1,2
DA:3,2
DA:4,2
DA:6,2
DA:13,2
DA:15,3
DA:17,2
DA:18,0
DA:20,1
DA:24,0
DA:25,0
DA:26,0
DA:27,0
DA:28,0
DA:30,0
DA:31,0
DA:32,0
DA:35,0
DA:36,0
DA:38,0
DA:39,0
DA:40,0
DA:41,0
DA:44,2
LF:24
LH:9
BRDA:32,0,0,0
BRDA:32,0,1,0
BRDA:32,0,2,0
BRF:3
BRH:0
end_of_record
TN:
SF:/Users/Daniel/Dropbox/Projects/GitHub/alpha-league/src/app/teams/team-detail/team-detail.component.html
FNF:0
FNH:0
DA:1,1
LF:1
LH:1
BRF:0
BRH:0
end_of_record
TN:
SF:/Users/Daniel/Dropbox/Projects/GitHub/alpha-league/src/app/teams/team-detail/team-detail.component.ts
FN:21,TeamDetailComponent
FN:23,(anonymous_4)
FN:26,(anonymous_5)
FN:29,(anonymous_6)
FN:30,(anonymous_7)
FN:31,(anonymous_8)
FNF:6
FNH:6
FNDA:2,TeamDetailComponent
FNDA:1,(anonymous_4)
FNDA:1,(anonymous_5)
FNDA:1,(anonymous_6)
FNDA:1,(anonymous_7)
FNDA:1,(anonymous_8)
DA:1,1
DA:2,1
DA:4,1
DA:14,1
DA:21,2
DA:23,1
DA:24,1
DA:25,1
DA:26,1
DA:29,1
DA:30,1
DA:31,1
DA:32,1
DA:33,1
DA:35,1
LF:15
LH:15
BRF:0
BRH:0
end_of_record
TN:
SF:/Users/Daniel/Dropbox/Projects/GitHub/alpha-league/src/app/teams/team-detail/games/games.component.html
FNF:0
FNH:0
DA:1,2
LF:1
LH:1
BRF:0
BRH:0
end_of_record
TN:
SF:/Users/Daniel/Dropbox/Projects/GitHub/alpha-league/src/app/teams/team-detail/games/games.component.ts
FN:9,GamesComponent
FNF:1
FNH:1
FNDA:2,GamesComponent
DA:1,2
DA:9,2
DA:10,2
DA:11,2
LF:4
LH:4
BRF:0
BRH:0
end_of_record
TN:
SF:/Users/Daniel/Dropbox/Projects/GitHub/alpha-league/src/app/teams/team-detail/games/new-game/new-game.component.html
FNF:0
FNH:0
DA:1,3
LF:1
LH:1
BRF:0
BRH:0
end_of_record
TN:
SF:/Users/Daniel/Dropbox/Projects/GitHub/alpha-league/src/app/teams/team-detail/games/new-game/new-game.component.ts
FN:26,NewGameComponent
FN:28,(anonymous_4)
FN:33,(anonymous_5)
FN:39,(anonymous_6)
FNF:4
FNH:4
FNDA:4,NewGameComponent
FNDA:2,(anonymous_4)
FNDA:1,(anonymous_5)
FNDA:2,(anonymous_6)
DA:1,3
DA:2,3
DA:11,3
DA:12,3
DA:14,3
DA:16,4
DA:18,4
DA:26,4
DA:28,3
DA:30,1
DA:31,1
DA:33,1
DA:34,1
DA:39,3
DA:40,2
DA:43,3
LF:16
LH:16
BRF:0
BRH:0
end_of_record
TN:
SF:/Users/Daniel/Dropbox/Projects/GitHub/alpha-league/src/app/teams/teams-listing/teams-listing.component.html
FNF:0
FNH:0
DA:1,2
LF:1
LH:1
BRF:0
BRH:0
end_of_record
TN:
SF:/Users/Daniel/Dropbox/Projects/GitHub/alpha-league/src/app/teams/teams-listing/teams-listing.component.ts
FN:15,TeamsListingComponent
FN:17,(anonymous_4)
FN:21,(anonymous_5)
FN:22,(anonymous_6)
FN:28,(anonymous_7)
FN:29,(anonymous_8)
FN:35,(anonymous_9)
FN:36,(anonymous_10)
FN:39,(anonymous_11)
FNF:9
FNH:6
FNDA:5,TeamsListingComponent
FNDA:1,(anonymous_4)
FNDA:2,(anonymous_5)
FNDA:0,(anonymous_6)
FNDA:1,(anonymous_7)
FNDA:0,(anonymous_8)
FNDA:2,(anonymous_9)
FNDA:0,(anonymous_10)
FNDA:1,(anonymous_11)
DA:1,2
DA:5,2
DA:12,2
DA:13,5
DA:15,5
DA:17,2
DA:18,1
DA:21,2
DA:22,2
DA:23,0
DA:28,2
DA:29,1
DA:30,0
DA:35,2
DA:36,2
DA:39,2
DA:40,1
DA:42,2
LF:18
LH:16
BRDA:23,0,0,0
BRDA:23,0,1,0
BRDA:23,0,2,0
BRDA:23,0,3,0
BRDA:30,1,0,0
BRDA:30,1,1,0
BRDA:30,1,2,0
BRDA:30,1,3,0
BRF:8
BRH:0
end_of_record
TN:
SF:/Users/Daniel/Dropbox/Projects/GitHub/alpha-league/src/environments/environment.ts
FNF:0
FNH:0
DA:5,6
LF:1
LH:1
BRF:0
BRH:0
end_of_record
