{"/Users/Daniel/Dropbox/Projects/GitHub/alpha-league/src/jestGlobalMocks.ts": {"path":"/Users/Daniel/Dropbox/Projects/GitHub/alpha-league/src/jestGlobalMocks.ts","statementMap":{"0":{"start":{"line":1,"column":0},"end":{"line":1,"column":52}},"1":{"start":{"line":2,"column":0},"end":{"line":4,"column":3}},"2":{"start":{"line":5,"column":0},"end":{"line":12,"column":3}},"3":{"start":{"line":7,"column":4},"end":{"line":10,"column":6}},"4":{"start":{"line":17,"column":0},"end":{"line":24,"column":3}},"5":{"start":{"line":19,"column":4},"end":{"line":22,"column":6}}},"fnMap":{"0":{"name":"(anonymous_0)","decl":{"start":{"line":6,"column":9},"end":{"line":6,"column":null}},"loc":{"start":{"line":6,"column":9},"end":{"line":11,"column":3}}},"1":{"name":"(anonymous_1)","decl":{"start":{"line":18,"column":9},"end":{"line":18,"column":null}},"loc":{"start":{"line":18,"column":9},"end":{"line":23,"column":3}}}},"branchMap":{},"s":{"0":10,"1":10,"2":10,"3":0,"4":10,"5":0},"f":{"0":0,"1":0},"b":{}}
,"/Users/Daniel/Dropbox/Projects/GitHub/alpha-league/src/app/app.component.html": {"data":{"path":"/Users/Daniel/Dropbox/Projects/GitHub/alpha-league/src/app/app.component.html","statementMap":{"0":{"start":{"line":1,"column":0},"end":{"line":1,"column":118}}},"fnMap":{},"branchMap":{},"s":{"0":1},"f":{},"b":{},"_coverageSchema":"43e27e138ebf9cfc5966b082cf9a028302ed4184","hash":"0568f30109e3c01f36566aca0bfe1b331fb73068"}}
,"/Users/Daniel/Dropbox/Projects/GitHub/alpha-league/src/app/app.component.ts": {"path":"/Users/Daniel/Dropbox/Projects/GitHub/alpha-league/src/app/app.component.ts","statementMap":{"0":{"start":{"line":1,"column":0},"end":{"line":1,"column":42}},"1":{"start":{"line":10,"column":0},"end":{"line":10,"column":13}},"2":{"start":{"line":10,"column":13},"end":{"line":10,"column":null}},"3":{"start":{"line":10,"column":27},"end":{"line":10,"column":null}},"4":{"start":{"line":10,"column":13},"end":{"line":10,"column":25}}},"fnMap":{"0":{"name":"AppComponent","decl":{"start":{"line":10,"column":0},"end":{"line":10,"column":13}},"loc":{"start":{"line":10,"column":0},"end":{"line":10,"column":27}}}},"branchMap":{},"s":{"0":1,"1":1,"2":1,"3":1,"4":1},"f":{"0":2},"b":{}}
,"/Users/Daniel/Dropbox/Projects/GitHub/alpha-league/src/app/api/api-routes.enum.ts": {"path":"/Users/Daniel/Dropbox/Projects/GitHub/alpha-league/src/app/api/api-routes.enum.ts","statementMap":{"0":{"start":{"line":1,"column":0},"end":{"line":1,"column":null}},"1":{"start":{"line":2,"column":4},"end":{"line":2,"column":null}},"2":{"start":{"line":3,"column":4},"end":{"line":3,"column":null}},"3":{"start":{"line":4,"column":4},"end":{"line":4,"column":null}},"4":{"start":{"line":5,"column":4},"end":{"line":5,"column":null}}},"fnMap":{"0":{"name":"(anonymous_0)","decl":{"start":{"line":1,"column":0},"end":{"line":1,"column":12}},"loc":{"start":{"line":1,"column":21},"end":{"line":6,"column":1}}}},"branchMap":{"0":{"loc":{"start":{"line":1,"column":12},"end":{"line":1,"column":21}},"type":"binary-expr","locations":[{"start":{"line":1,"column":12},"end":{"line":1,"column":21}},{"start":{"line":1,"column":12},"end":{"line":1,"column":null}}]}},"s":{"0":3,"1":3,"2":3,"3":3,"4":3},"f":{"0":3},"b":{"0":[3,3]}}
,"/Users/Daniel/Dropbox/Projects/GitHub/alpha-league/src/app/api/api.service.ts": {"path":"/Users/Daniel/Dropbox/Projects/GitHub/alpha-league/src/app/api/api.service.ts","statementMap":{"0":{"start":{"line":1,"column":0},"end":{"line":1,"column":43}},"1":{"start":{"line":2,"column":0},"end":{"line":2,"column":50}},"2":{"start":{"line":3,"column":0},"end":{"line":3,"column":61}},"3":{"start":{"line":8,"column":0},"end":{"line":8,"column":46}},"4":{"start":{"line":14,"column":0},"end":{"line":14,"column":13}},"5":{"start":{"line":21,"column":22},"end":{"line":21,"column":34}},"6":{"start":{"line":15,"column":9},"end":{"line":15,"column":28}},"7":{"start":{"line":17,"column":9},"end":{"line":17,"column":28}},"8":{"start":{"line":19,"column":10},"end":{"line":19,"column":46}},"9":{"start":{"line":23,"column":2},"end":{"line":25,"column":null}},"10":{"start":{"line":24,"column":4},"end":{"line":24,"column":66}},"11":{"start":{"line":24,"column":37},"end":{"line":24,"column":65}},"12":{"start":{"line":27,"column":2},"end":{"line":29,"column":null}},"13":{"start":{"line":28,"column":4},"end":{"line":28,"column":84}},"14":{"start":{"line":31,"column":2},"end":{"line":33,"column":null}},"15":{"start":{"line":32,"column":4},"end":{"line":32,"column":88}},"16":{"start":{"line":35,"column":2},"end":{"line":37,"column":null}},"17":{"start":{"line":36,"column":4},"end":{"line":36,"column":84}},"18":{"start":{"line":39,"column":2},"end":{"line":41,"column":null}},"19":{"start":{"line":40,"column":4},"end":{"line":40,"column":84}},"20":{"start":{"line":14,"column":13},"end":{"line":42,"column":null}},"21":{"start":{"line":42,"column":0},"end":{"line":42,"column":null}},"22":{"start":{"line":14,"column":13},"end":{"line":14,"column":23}}},"fnMap":{"0":{"name":"ApiService","decl":{"start":{"line":21,"column":2},"end":{"line":21,"column":22}},"loc":{"start":{"line":21,"column":44},"end":{"line":21,"column":49}}},"1":{"name":"(anonymous_4)","decl":{"start":{"line":23,"column":2},"end":{"line":23,"column":16}},"loc":{"start":{"line":23,"column":31},"end":{"line":25,"column":3}}},"2":{"name":"(anonymous_5)","decl":{"start":{"line":24,"column":29},"end":{"line":24,"column":33}},"loc":{"start":{"line":24,"column":33},"end":{"line":24,"column":43}}},"3":{"name":"(anonymous_6)","decl":{"start":{"line":27,"column":2},"end":{"line":27,"column":10}},"loc":{"start":{"line":27,"column":32},"end":{"line":29,"column":3}}},"4":{"name":"(anonymous_7)","decl":{"start":{"line":31,"column":2},"end":{"line":31,"column":12}},"loc":{"start":{"line":31,"column":36},"end":{"line":33,"column":3}}},"5":{"name":"(anonymous_8)","decl":{"start":{"line":35,"column":2},"end":{"line":35,"column":10}},"loc":{"start":{"line":35,"column":24},"end":{"line":37,"column":3}}},"6":{"name":"(anonymous_9)","decl":{"start":{"line":39,"column":2},"end":{"line":39,"column":9}},"loc":{"start":{"line":39,"column":24},"end":{"line":41,"column":3}}}},"branchMap":{},"s":{"0":3,"1":3,"2":3,"3":3,"4":3,"5":5,"6":5,"7":5,"8":5,"9":3,"10":0,"11":0,"12":3,"13":1,"14":3,"15":1,"16":3,"17":1,"18":3,"19":1,"20":3,"21":3,"22":3},"f":{"0":5,"1":0,"2":0,"3":1,"4":1,"5":1,"6":1},"b":{}}
,"/Users/Daniel/Dropbox/Projects/GitHub/alpha-league/src/app/core/header/header.component.html": {"data":{"path":"/Users/Daniel/Dropbox/Projects/GitHub/alpha-league/src/app/core/header/header.component.html","statementMap":{"0":{"start":{"line":1,"column":0},"end":{"line":1,"column":231}}},"fnMap":{},"branchMap":{},"s":{"0":3},"f":{},"b":{},"_coverageSchema":"43e27e138ebf9cfc5966b082cf9a028302ed4184","hash":"353443e44873a3bcedd19408026b0b9665284efb"}}
,"/Users/Daniel/Dropbox/Projects/GitHub/alpha-league/src/app/core/header/header.component.ts": {"path":"/Users/Daniel/Dropbox/Projects/GitHub/alpha-league/src/app/core/header/header.component.ts","statementMap":{"0":{"start":{"line":1,"column":0},"end":{"line":1,"column":50}},"1":{"start":{"line":8,"column":0},"end":{"line":8,"column":13}},"2":{"start":{"line":12,"column":2},"end":{"line":13,"column":null}},"3":{"start":{"line":8,"column":13},"end":{"line":15,"column":null}},"4":{"start":{"line":15,"column":0},"end":{"line":15,"column":null}},"5":{"start":{"line":8,"column":13},"end":{"line":8,"column":28}}},"fnMap":{"0":{"name":"HeaderComponent","decl":{"start":{"line":10,"column":2},"end":{"line":10,"column":18}},"loc":{"start":{"line":10,"column":2},"end":{"line":10,"column":19}}},"1":{"name":"(anonymous_4)","decl":{"start":{"line":12,"column":2},"end":{"line":12,"column":10}},"loc":{"start":{"line":12,"column":2},"end":{"line":13,"column":3}}}},"branchMap":{},"s":{"0":3,"1":3,"2":3,"3":3,"4":3,"5":3},"f":{"0":3,"1":2},"b":{}}
,"/Users/Daniel/Dropbox/Projects/GitHub/alpha-league/src/app/teams/team.resolver.ts": {"path":"/Users/Daniel/Dropbox/Projects/GitHub/alpha-league/src/app/teams/team.resolver.ts","statementMap":{"0":{"start":{"line":1,"column":0},"end":{"line":1,"column":43}},"1":{"start":{"line":3,"column":0},"end":{"line":3,"column":48}},"2":{"start":{"line":4,"column":0},"end":{"line":4,"column":48}},"3":{"start":{"line":6,"column":0},"end":{"line":6,"column":42}},"4":{"start":{"line":12,"column":0},"end":{"line":12,"column":13}},"5":{"start":{"line":14,"column":22},"end":{"line":14,"column":34}},"6":{"start":{"line":16,"column":2},"end":{"line":27,"column":null}},"7":{"start":{"line":17,"column":4},"end":{"line":26,"column":8}},"8":{"start":{"line":20,"column":22},"end":{"line":20,"column":27}},"9":{"start":{"line":20,"column":29},"end":{"line":20,"column":34}},"10":{"start":{"line":21,"column":25},"end":{"line":24,"column":10}},"11":{"start":{"line":22,"column":10},"end":{"line":22,"column":79}},"12":{"start":{"line":22,"column":49},"end":{"line":22,"column":78}},"13":{"start":{"line":23,"column":10},"end":{"line":23,"column":22}},"14":{"start":{"line":25,"column":8},"end":{"line":25,"column":28}},"15":{"start":{"line":12,"column":13},"end":{"line":28,"column":null}},"16":{"start":{"line":28,"column":0},"end":{"line":28,"column":null}},"17":{"start":{"line":12,"column":13},"end":{"line":12,"column":25}}},"fnMap":{"0":{"name":"TeamResolver","decl":{"start":{"line":14,"column":2},"end":{"line":14,"column":22}},"loc":{"start":{"line":14,"column":44},"end":{"line":14,"column":49}}},"1":{"name":"(anonymous_4)","decl":{"start":{"line":16,"column":2},"end":{"line":16,"column":9}},"loc":{"start":{"line":16,"column":56},"end":{"line":27,"column":3}}},"2":{"name":"(anonymous_5)","decl":{"start":{"line":20,"column":20},"end":{"line":20,"column":21}},"loc":{"start":{"line":20,"column":51},"end":{"line":26,"column":5}}},"3":{"name":"(anonymous_6)","decl":{"start":{"line":21,"column":40},"end":{"line":21,"column":44}},"loc":{"start":{"line":21,"column":44},"end":{"line":24,"column":9}}},"4":{"name":"(anonymous_7)","decl":{"start":{"line":22,"column":41},"end":{"line":22,"column":45}},"loc":{"start":{"line":22,"column":45},"end":{"line":22,"column":53}}}},"branchMap":{},"s":{"0":1,"1":1,"2":1,"3":1,"4":1,"5":1,"6":1,"7":0,"8":0,"9":0,"10":0,"11":0,"12":0,"13":0,"14":0,"15":1,"16":1,"17":1},"f":{"0":1,"1":0,"2":0,"3":0,"4":0},"b":{}}
,"/Users/Daniel/Dropbox/Projects/GitHub/alpha-league/src/app/teams/players/players.component.html": {"data":{"path":"/Users/Daniel/Dropbox/Projects/GitHub/alpha-league/src/app/teams/players/players.component.html","statementMap":{"0":{"start":{"line":1,"column":0},"end":{"line":1,"column":46}}},"fnMap":{},"branchMap":{},"s":{"0":1},"f":{},"b":{},"_coverageSchema":"43e27e138ebf9cfc5966b082cf9a028302ed4184","hash":"d1ce6d99f28b6dac920205a3769d3c25c002a959"}}
,"/Users/Daniel/Dropbox/Projects/GitHub/alpha-league/src/app/teams/players/players.component.ts": {"path":"/Users/Daniel/Dropbox/Projects/GitHub/alpha-league/src/app/teams/players/players.component.ts","statementMap":{"0":{"start":{"line":1,"column":0},"end":{"line":1,"column":50}},"1":{"start":{"line":8,"column":0},"end":{"line":8,"column":13}},"2":{"start":{"line":12,"column":2},"end":{"line":13,"column":null}},"3":{"start":{"line":8,"column":13},"end":{"line":15,"column":null}},"4":{"start":{"line":15,"column":0},"end":{"line":15,"column":null}},"5":{"start":{"line":8,"column":13},"end":{"line":8,"column":29}}},"fnMap":{"0":{"name":"PlayersComponent","decl":{"start":{"line":10,"column":2},"end":{"line":10,"column":18}},"loc":{"start":{"line":10,"column":2},"end":{"line":10,"column":19}}},"1":{"name":"(anonymous_4)","decl":{"start":{"line":12,"column":2},"end":{"line":12,"column":10}},"loc":{"start":{"line":12,"column":2},"end":{"line":13,"column":3}}}},"branchMap":{},"s":{"0":1,"1":1,"2":1,"3":1,"4":1,"5":1},"f":{"0":1,"1":1},"b":{}}
,"/Users/Daniel/Dropbox/Projects/GitHub/alpha-league/src/app/teams/team-detail/team-detail.component.html": {"data":{"path":"/Users/Daniel/Dropbox/Projects/GitHub/alpha-league/src/app/teams/team-detail/team-detail.component.html","statementMap":{"0":{"start":{"line":1,"column":0},"end":{"line":1,"column":374}}},"fnMap":{},"branchMap":{},"s":{"0":1},"f":{},"b":{},"_coverageSchema":"43e27e138ebf9cfc5966b082cf9a028302ed4184","hash":"3ac8bfb2b8119ad67f5cafa7f8260533f0c1e8cc"}}
,"/Users/Daniel/Dropbox/Projects/GitHub/alpha-league/src/app/teams/team-detail/team-detail.component.ts": {"path":"/Users/Daniel/Dropbox/Projects/GitHub/alpha-league/src/app/teams/team-detail/team-detail.component.ts","statementMap":{"0":{"start":{"line":1,"column":0},"end":{"line":1,"column":50}},"1":{"start":{"line":2,"column":0},"end":{"line":2,"column":49}},"2":{"start":{"line":4,"column":0},"end":{"line":4,"column":53}},"3":{"start":{"line":5,"column":0},"end":{"line":5,"column":37}},"4":{"start":{"line":14,"column":0},"end":{"line":14,"column":13}},"5":{"start":{"line":19,"column":22},"end":{"line":19,"column":29}},"6":{"start":{"line":19,"column":53},"end":{"line":19,"column":65}},"7":{"start":{"line":21,"column":2},"end":{"line":26,"column":null}},"8":{"start":{"line":22,"column":19},"end":{"line":22,"column":48}},"9":{"start":{"line":23,"column":4},"end":{"line":23,"column":76}},"10":{"start":{"line":23,"column":53},"end":{"line":23,"column":72}},"11":{"start":{"line":24,"column":4},"end":{"line":24,"column":28}},"12":{"start":{"line":25,"column":4},"end":{"line":25,"column":56}},"13":{"start":{"line":28,"column":2},"end":{"line":32,"column":null}},"14":{"start":{"line":28,"column":2},"end":{"line":28,"column":12}},"15":{"start":{"line":29,"column":4},"end":{"line":31,"column":62}},"16":{"start":{"line":30,"column":21},"end":{"line":30,"column":30}},"17":{"start":{"line":31,"column":38},"end":{"line":31,"column":61}},"18":{"start":{"line":14,"column":13},"end":{"line":33,"column":null}},"19":{"start":{"line":33,"column":0},"end":{"line":33,"column":null}},"20":{"start":{"line":14,"column":13},"end":{"line":14,"column":32}}},"fnMap":{"0":{"name":"TeamDetailComponent","decl":{"start":{"line":19,"column":2},"end":{"line":19,"column":22}},"loc":{"start":{"line":19,"column":75},"end":{"line":19,"column":80}}},"1":{"name":"(anonymous_4)","decl":{"start":{"line":21,"column":2},"end":{"line":21,"column":10}},"loc":{"start":{"line":21,"column":2},"end":{"line":26,"column":3}}},"2":{"name":"(anonymous_5)","decl":{"start":{"line":23,"column":45},"end":{"line":23,"column":49}},"loc":{"start":{"line":23,"column":49},"end":{"line":23,"column":59}}},"3":{"name":"(anonymous_6)","decl":{"start":{"line":28,"column":2},"end":{"line":28,"column":12}},"loc":{"start":{"line":28,"column":27},"end":{"line":32,"column":3}}},"4":{"name":"(anonymous_7)","decl":{"start":{"line":30,"column":14},"end":{"line":30,"column":17}},"loc":{"start":{"line":30,"column":17},"end":{"line":30,"column":24}}},"5":{"name":"(anonymous_8)","decl":{"start":{"line":31,"column":15},"end":{"line":31,"column":16}},"loc":{"start":{"line":31,"column":33},"end":{"line":31,"column":42}}}},"branchMap":{},"s":{"0":1,"1":1,"2":1,"3":1,"4":1,"5":1,"6":1,"7":1,"8":0,"9":0,"10":0,"11":0,"12":0,"13":1,"14":0,"15":0,"16":0,"17":0,"18":1,"19":1,"20":1},"f":{"0":1,"1":0,"2":0,"3":0,"4":0,"5":0},"b":{}}
,"/Users/Daniel/Dropbox/Projects/GitHub/alpha-league/src/app/teams/team-detail/games/games.component.html": {"data":{"path":"/Users/Daniel/Dropbox/Projects/GitHub/alpha-league/src/app/teams/team-detail/games/games.component.html","statementMap":{"0":{"start":{"line":1,"column":0},"end":{"line":1,"column":563}}},"fnMap":{},"branchMap":{},"s":{"0":2},"f":{},"b":{},"_coverageSchema":"43e27e138ebf9cfc5966b082cf9a028302ed4184","hash":"40ccee34b5136d5bf4511d5ca204c3ffe284cb22"}}
,"/Users/Daniel/Dropbox/Projects/GitHub/alpha-league/src/app/teams/team-detail/games/games.component.ts": {"path":"/Users/Daniel/Dropbox/Projects/GitHub/alpha-league/src/app/teams/team-detail/games/games.component.ts","statementMap":{"0":{"start":{"line":1,"column":0},"end":{"line":1,"column":57}},"1":{"start":{"line":9,"column":0},"end":{"line":9,"column":13}},"2":{"start":{"line":16,"column":2},"end":{"line":17,"column":null}},"3":{"start":{"line":10,"column":11},"end":{"line":10,"column":null}},"4":{"start":{"line":9,"column":13},"end":{"line":19,"column":null}},"5":{"start":{"line":19,"column":0},"end":{"line":19,"column":null}},"6":{"start":{"line":9,"column":13},"end":{"line":9,"column":27}}},"fnMap":{"0":{"name":"GamesComponent","decl":{"start":{"line":14,"column":2},"end":{"line":14,"column":18}},"loc":{"start":{"line":14,"column":2},"end":{"line":14,"column":19}}},"1":{"name":"(anonymous_4)","decl":{"start":{"line":16,"column":2},"end":{"line":16,"column":10}},"loc":{"start":{"line":16,"column":2},"end":{"line":17,"column":3}}}},"branchMap":{},"s":{"0":2,"1":2,"2":2,"3":2,"4":2,"5":2,"6":2},"f":{"0":1,"1":1},"b":{}}
,"/Users/Daniel/Dropbox/Projects/GitHub/alpha-league/src/app/teams/team-detail/games/new-game/new-game.component.html": {"data":{"path":"/Users/Daniel/Dropbox/Projects/GitHub/alpha-league/src/app/teams/team-detail/games/new-game/new-game.component.html","statementMap":{"0":{"start":{"line":1,"column":0},"end":{"line":1,"column":866}}},"fnMap":{},"branchMap":{},"s":{"0":3},"f":{},"b":{},"_coverageSchema":"43e27e138ebf9cfc5966b082cf9a028302ed4184","hash":"4831b6361542dc40e86f8defac385f6720d71b9f"}}
,"/Users/Daniel/Dropbox/Projects/GitHub/alpha-league/src/app/teams/team-detail/games/new-game/new-game.component.ts": {"path":"/Users/Daniel/Dropbox/Projects/GitHub/alpha-league/src/app/teams/team-detail/games/new-game/new-game.component.ts","statementMap":{"0":{"start":{"line":1,"column":0},"end":{"line":1,"column":50}},"1":{"start":{"line":8,"column":0},"end":{"line":8,"column":13}},"2":{"start":{"line":12,"column":2},"end":{"line":13,"column":null}},"3":{"start":{"line":8,"column":13},"end":{"line":15,"column":null}},"4":{"start":{"line":15,"column":0},"end":{"line":15,"column":null}},"5":{"start":{"line":8,"column":13},"end":{"line":8,"column":29}}},"fnMap":{"0":{"name":"NewGameComponent","decl":{"start":{"line":10,"column":2},"end":{"line":10,"column":18}},"loc":{"start":{"line":10,"column":2},"end":{"line":10,"column":19}}},"1":{"name":"(anonymous_4)","decl":{"start":{"line":12,"column":2},"end":{"line":12,"column":10}},"loc":{"start":{"line":12,"column":2},"end":{"line":13,"column":3}}}},"branchMap":{},"s":{"0":3,"1":3,"2":3,"3":3,"4":3,"5":3},"f":{"0":1,"1":1},"b":{}}
,"/Users/Daniel/Dropbox/Projects/GitHub/alpha-league/src/app/teams/team-detail/team-players/team-players.component.html": {"data":{"path":"/Users/Daniel/Dropbox/Projects/GitHub/alpha-league/src/app/teams/team-detail/team-players/team-players.component.html","statementMap":{"0":{"start":{"line":1,"column":0},"end":{"line":1,"column":413}}},"fnMap":{},"branchMap":{},"s":{"0":2},"f":{},"b":{},"_coverageSchema":"43e27e138ebf9cfc5966b082cf9a028302ed4184","hash":"350843aa5bcc1f3a60e6428a2bcf5d585b740997"}}
,"/Users/Daniel/Dropbox/Projects/GitHub/alpha-league/src/app/teams/team-detail/team-players/team-players.component.ts": {"path":"/Users/Daniel/Dropbox/Projects/GitHub/alpha-league/src/app/teams/team-detail/team-players/team-players.component.ts","statementMap":{"0":{"start":{"line":1,"column":0},"end":{"line":1,"column":49}},"1":{"start":{"line":9,"column":0},"end":{"line":9,"column":13}},"2":{"start":{"line":10,"column":11},"end":{"line":10,"column":null}},"3":{"start":{"line":9,"column":13},"end":{"line":12,"column":null}},"4":{"start":{"line":12,"column":0},"end":{"line":12,"column":null}},"5":{"start":{"line":9,"column":13},"end":{"line":9,"column":33}}},"fnMap":{"0":{"name":"TeamPlayersComponent","decl":{"start":{"line":9,"column":0},"end":{"line":9,"column":13}},"loc":{"start":{"line":9,"column":0},"end":{"line":12,"column":null}}}},"branchMap":{},"s":{"0":2,"1":2,"2":2,"3":2,"4":2,"5":2},"f":{"0":1},"b":{}}
,"/Users/Daniel/Dropbox/Projects/GitHub/alpha-league/src/app/teams/teams-listing/teams-listing.component.html": {"data":{"path":"/Users/Daniel/Dropbox/Projects/GitHub/alpha-league/src/app/teams/teams-listing/teams-listing.component.html","statementMap":{"0":{"start":{"line":1,"column":0},"end":{"line":1,"column":991}}},"fnMap":{},"branchMap":{},"s":{"0":2},"f":{},"b":{},"_coverageSchema":"43e27e138ebf9cfc5966b082cf9a028302ed4184","hash":"c9d6c1983b9dc5b7d648b77331ad655e249657d2"}}
,"/Users/Daniel/Dropbox/Projects/GitHub/alpha-league/src/app/teams/teams-listing/teams-listing.component.ts": {"path":"/Users/Daniel/Dropbox/Projects/GitHub/alpha-league/src/app/teams/teams-listing/teams-listing.component.ts","statementMap":{"0":{"start":{"line":1,"column":0},"end":{"line":1,"column":50}},"1":{"start":{"line":5,"column":0},"end":{"line":5,"column":49}},"2":{"start":{"line":12,"column":0},"end":{"line":12,"column":13}},"3":{"start":{"line":15,"column":22},"end":{"line":15,"column":29}},"4":{"start":{"line":13,"column":2},"end":{"line":13,"column":21}},"5":{"start":{"line":17,"column":2},"end":{"line":19,"column":null}},"6":{"start":{"line":18,"column":4},"end":{"line":18,"column":47}},"7":{"start":{"line":21,"column":2},"end":{"line":26,"column":null}},"8":{"start":{"line":22,"column":4},"end":{"line":25,"column":15}},"9":{"start":{"line":23,"column":8},"end":{"line":24,"column":null}},"10":{"start":{"line":28,"column":2},"end":{"line":33,"column":null}},"11":{"start":{"line":29,"column":4},"end":{"line":32,"column":15}},"12":{"start":{"line":30,"column":8},"end":{"line":31,"column":null}},"13":{"start":{"line":35,"column":2},"end":{"line":40,"column":null}},"14":{"start":{"line":36,"column":4},"end":{"line":39,"column":15}},"15":{"start":{"line":37,"column":8},"end":{"line":38,"column":null}},"16":{"start":{"line":42,"column":2},"end":{"line":44,"column":null}},"17":{"start":{"line":43,"column":4},"end":{"line":43,"column":59}},"18":{"start":{"line":12,"column":13},"end":{"line":45,"column":null}},"19":{"start":{"line":45,"column":0},"end":{"line":45,"column":null}},"20":{"start":{"line":12,"column":13},"end":{"line":12,"column":34}}},"fnMap":{"0":{"name":"TeamsListingComponent","decl":{"start":{"line":15,"column":2},"end":{"line":15,"column":22}},"loc":{"start":{"line":15,"column":43},"end":{"line":15,"column":48}}},"1":{"name":"(anonymous_4)","decl":{"start":{"line":17,"column":2},"end":{"line":17,"column":10}},"loc":{"start":{"line":17,"column":2},"end":{"line":19,"column":3}}},"2":{"name":"(anonymous_5)","decl":{"start":{"line":21,"column":2},"end":{"line":21,"column":10}},"loc":{"start":{"line":21,"column":21},"end":{"line":26,"column":3}}},"3":{"name":"(anonymous_6)","decl":{"start":{"line":22,"column":29},"end":{"line":22,"column":33}},"loc":{"start":{"line":22,"column":33},"end":{"line":23,"column":12}}},"4":{"name":"(anonymous_7)","decl":{"start":{"line":28,"column":2},"end":{"line":28,"column":11}},"loc":{"start":{"line":28,"column":22},"end":{"line":33,"column":3}}},"5":{"name":"(anonymous_8)","decl":{"start":{"line":29,"column":29},"end":{"line":29,"column":33}},"loc":{"start":{"line":29,"column":33},"end":{"line":30,"column":12}}},"6":{"name":"(anonymous_9)","decl":{"start":{"line":35,"column":2},"end":{"line":35,"column":12}},"loc":{"start":{"line":35,"column":23},"end":{"line":40,"column":3}}},"7":{"name":"(anonymous_10)","decl":{"start":{"line":36,"column":29},"end":{"line":36,"column":33}},"loc":{"start":{"line":36,"column":33},"end":{"line":37,"column":12}}},"8":{"name":"(anonymous_11)","decl":{"start":{"line":42,"column":2},"end":{"line":42,"column":13}},"loc":{"start":{"line":42,"column":24},"end":{"line":44,"column":3}}}},"branchMap":{"0":{"loc":{"start":{"line":23,"column":8},"end":{"line":23,"column":36}},"type":"binary-expr","locations":[{"start":{"line":23,"column":8},"end":{"line":23,"column":36}},{"start":{"line":24,"column":8},"end":{"line":24,"column":49}}]},"1":{"loc":{"start":{"line":30,"column":8},"end":{"line":30,"column":36}},"type":"binary-expr","locations":[{"start":{"line":30,"column":8},"end":{"line":30,"column":36}},{"start":{"line":31,"column":8},"end":{"line":31,"column":49}}]},"2":{"loc":{"start":{"line":37,"column":8},"end":{"line":37,"column":36}},"type":"binary-expr","locations":[{"start":{"line":37,"column":8},"end":{"line":37,"column":36}},{"start":{"line":38,"column":8},"end":{"line":38,"column":51}}]}},"s":{"0":2,"1":2,"2":2,"3":1,"4":1,"5":2,"6":1,"7":2,"8":0,"9":0,"10":2,"11":0,"12":0,"13":2,"14":0,"15":0,"16":2,"17":0,"18":2,"19":2,"20":2},"f":{"0":1,"1":1,"2":0,"3":0,"4":0,"5":0,"6":0,"7":0,"8":0},"b":{"0":[0,0],"1":[0,0],"2":[0,0]}}
,"/Users/Daniel/Dropbox/Projects/GitHub/alpha-league/src/environments/environment.ts": {"path":"/Users/Daniel/Dropbox/Projects/GitHub/alpha-league/src/environments/environment.ts","statementMap":{"0":{"start":{"line":5,"column":13},"end":{"line":8,"column":2}}},"fnMap":{},"branchMap":{},"s":{"0":3},"f":{},"b":{}}
}
