TN:
SF:/Users/Daniel/Dropbox/Projects/GitHub/alpha-league/src/jestGlobalMocks.ts
FN:6,(anonymous_0)
FN:18,(anonymous_1)
FNF:2
FNH:0
FNDA:0,(anonymous_0)
FNDA:0,(anonymous_1)
DA:1,10
DA:2,10
DA:5,10
DA:7,0
DA:17,10
DA:19,0
LF:6
LH:4
BRF:0
BRH:0
end_of_record
TN:
SF:/Users/Daniel/Dropbox/Projects/GitHub/alpha-league/src/app/app.component.html
FNF:0
FNH:0
DA:1,1
LF:1
LH:1
BRF:0
BRH:0
end_of_record
TN:
SF:/Users/Daniel/Dropbox/Projects/GitHub/alpha-league/src/app/app.component.ts
FN:10,AppComponent
FNF:1
FNH:1
FNDA:2,AppComponent
DA:1,1
DA:10,1
LF:2
LH:2
BRF:0
BRH:0
end_of_record
TN:
SF:/Users/Daniel/Dropbox/Projects/GitHub/alpha-league/src/app/api/api-routes.enum.ts
FN:1,(anonymous_0)
FNF:1
FNH:1
FNDA:3,(anonymous_0)
DA:1,3
DA:2,3
DA:3,3
DA:4,3
DA:5,3
LF:5
LH:5
BRDA:1,0,0,3
BRDA:1,0,1,3
BRF:2
BRH:2
end_of_record
TN:
SF:/Users/Daniel/Dropbox/Projects/GitHub/alpha-league/src/app/api/api.service.ts
FN:21,ApiService
FN:23,(anonymous_4)
FN:24,(anonymous_5)
FN:27,(anonymous_6)
FN:31,(anonymous_7)
FN:35,(anonymous_8)
FN:39,(anonymous_9)
FNF:7
FNH:5
FNDA:5,ApiService
FNDA:0,(anonymous_4)
FNDA:0,(anonymous_5)
FNDA:1,(anonymous_6)
FNDA:1,(anonymous_7)
FNDA:1,(anonymous_8)
FNDA:1,(anonymous_9)
DA:1,3
DA:2,3
DA:3,3
DA:8,3
DA:14,3
DA:15,5
DA:17,5
DA:19,5
DA:21,5
DA:23,3
DA:24,0
DA:27,3
DA:28,1
DA:31,3
DA:32,1
DA:35,3
DA:36,1
DA:39,3
DA:40,1
DA:42,3
LF:20
LH:19
BRF:0
BRH:0
end_of_record
TN:
SF:/Users/Daniel/Dropbox/Projects/GitHub/alpha-league/src/app/core/header/header.component.html
FNF:0
FNH:0
DA:1,3
LF:1
LH:1
BRF:0
BRH:0
end_of_record
TN:
SF:/Users/Daniel/Dropbox/Projects/GitHub/alpha-league/src/app/core/header/header.component.ts
FN:10,HeaderComponent
FN:12,(anonymous_4)
FNF:2
FNH:2
FNDA:3,HeaderComponent
FNDA:2,(anonymous_4)
DA:1,3
DA:8,3
DA:12,3
DA:15,3
LF:4
LH:4
BRF:0
BRH:0
end_of_record
TN:
SF:/Users/Daniel/Dropbox/Projects/GitHub/alpha-league/src/app/teams/team.resolver.ts
FN:14,TeamResolver
FN:16,(anonymous_4)
FN:20,(anonymous_5)
FN:21,(anonymous_6)
FN:22,(anonymous_7)
FNF:5
FNH:1
FNDA:1,TeamResolver
FNDA:0,(anonymous_4)
FNDA:0,(anonymous_5)
FNDA:0,(anonymous_6)
FNDA:0,(anonymous_7)
DA:1,1
DA:3,1
DA:4,1
DA:6,1
DA:12,1
DA:14,1
DA:16,1
DA:17,0
DA:20,0
DA:21,0
DA:22,0
DA:23,0
DA:25,0
DA:28,1
LF:14
LH:8
BRF:0
BRH:0
end_of_record
TN:
SF:/Users/Daniel/Dropbox/Projects/GitHub/alpha-league/src/app/teams/players/players.component.html
FNF:0
FNH:0
DA:1,1
LF:1
LH:1
BRF:0
BRH:0
end_of_record
TN:
SF:/Users/Daniel/Dropbox/Projects/GitHub/alpha-league/src/app/teams/players/players.component.ts
FN:10,PlayersComponent
FN:12,(anonymous_4)
FNF:2
FNH:2
FNDA:1,PlayersComponent
FNDA:1,(anonymous_4)
DA:1,1
DA:8,1
DA:12,1
DA:15,1
LF:4
LH:4
BRF:0
BRH:0
end_of_record
TN:
SF:/Users/Daniel/Dropbox/Projects/GitHub/alpha-league/src/app/teams/team-detail/team-detail.component.html
FNF:0
FNH:0
DA:1,1
LF:1
LH:1
BRF:0
BRH:0
end_of_record
TN:
SF:/Users/Daniel/Dropbox/Projects/GitHub/alpha-league/src/app/teams/team-detail/team-detail.component.ts
FN:19,TeamDetailComponent
FN:21,(anonymous_4)
FN:23,(anonymous_5)
FN:28,(anonymous_6)
FN:30,(anonymous_7)
FN:31,(anonymous_8)
FNF:6
FNH:1
FNDA:1,TeamDetailComponent
FNDA:0,(anonymous_4)
FNDA:0,(anonymous_5)
FNDA:0,(anonymous_6)
FNDA:0,(anonymous_7)
FNDA:0,(anonymous_8)
DA:1,1
DA:2,1
DA:4,1
DA:5,1
DA:14,1
DA:19,1
DA:21,1
DA:22,0
DA:23,0
DA:24,0
DA:25,0
DA:28,1
DA:29,0
DA:30,0
DA:31,0
DA:33,1
LF:16
LH:9
BRF:0
BRH:0
end_of_record
TN:
SF:/Users/Daniel/Dropbox/Projects/GitHub/alpha-league/src/app/teams/team-detail/games/games.component.html
FNF:0
FNH:0
DA:1,2
LF:1
LH:1
BRF:0
BRH:0
end_of_record
TN:
SF:/Users/Daniel/Dropbox/Projects/GitHub/alpha-league/src/app/teams/team-detail/games/games.component.ts
FN:14,GamesComponent
FN:16,(anonymous_4)
FNF:2
FNH:2
FNDA:1,GamesComponent
FNDA:1,(anonymous_4)
DA:1,2
DA:9,2
DA:10,2
DA:16,2
DA:19,2
LF:5
LH:5
BRF:0
BRH:0
end_of_record
TN:
SF:/Users/Daniel/Dropbox/Projects/GitHub/alpha-league/src/app/teams/team-detail/games/new-game/new-game.component.html
FNF:0
FNH:0
DA:1,3
LF:1
LH:1
BRF:0
BRH:0
end_of_record
TN:
SF:/Users/Daniel/Dropbox/Projects/GitHub/alpha-league/src/app/teams/team-detail/games/new-game/new-game.component.ts
FN:10,NewGameComponent
FN:12,(anonymous_4)
FNF:2
FNH:2
FNDA:1,NewGameComponent
FNDA:1,(anonymous_4)
DA:1,3
DA:8,3
DA:12,3
DA:15,3
LF:4
LH:4
BRF:0
BRH:0
end_of_record
TN:
SF:/Users/Daniel/Dropbox/Projects/GitHub/alpha-league/src/app/teams/team-detail/team-players/team-players.component.html
FNF:0
FNH:0
DA:1,2
LF:1
LH:1
BRF:0
BRH:0
end_of_record
TN:
SF:/Users/Daniel/Dropbox/Projects/GitHub/alpha-league/src/app/teams/team-detail/team-players/team-players.component.ts
FN:9,TeamPlayersComponent
FNF:1
FNH:1
FNDA:1,TeamPlayersComponent
DA:1,2
DA:9,2
DA:10,2
DA:12,2
LF:4
LH:4
BRF:0
BRH:0
end_of_record
TN:
SF:/Users/Daniel/Dropbox/Projects/GitHub/alpha-league/src/app/teams/teams-listing/teams-listing.component.html
FNF:0
FNH:0
DA:1,2
LF:1
LH:1
BRF:0
BRH:0
end_of_record
TN:
SF:/Users/Daniel/Dropbox/Projects/GitHub/alpha-league/src/app/teams/teams-listing/teams-listing.component.ts
FN:15,TeamsListingComponent
FN:17,(anonymous_4)
FN:21,(anonymous_5)
FN:22,(anonymous_6)
FN:28,(anonymous_7)
FN:29,(anonymous_8)
FN:35,(anonymous_9)
FN:36,(anonymous_10)
FN:42,(anonymous_11)
FNF:9
FNH:2
FNDA:1,TeamsListingComponent
FNDA:1,(anonymous_4)
FNDA:0,(anonymous_5)
FNDA:0,(anonymous_6)
FNDA:0,(anonymous_7)
FNDA:0,(anonymous_8)
FNDA:0,(anonymous_9)
FNDA:0,(anonymous_10)
FNDA:0,(anonymous_11)
DA:1,2
DA:5,2
DA:12,2
DA:13,1
DA:15,1
DA:17,2
DA:18,1
DA:21,2
DA:22,0
DA:23,0
DA:28,2
DA:29,0
DA:30,0
DA:35,2
DA:36,0
DA:37,0
DA:42,2
DA:43,0
DA:45,2
LF:19
LH:12
BRDA:23,0,0,0
BRDA:23,0,1,0
BRDA:30,1,0,0
BRDA:30,1,1,0
BRDA:37,2,0,0
BRDA:37,2,1,0
BRF:6
BRH:0
end_of_record
TN:
SF:/Users/Daniel/Dropbox/Projects/GitHub/alpha-league/src/environments/environment.ts
FNF:0
FNH:0
DA:5,3
LF:1
LH:1
BRF:0
BRH:0
end_of_record
